<?xml version="1.0" encoding="utf-8"?><testsuites name="pytest tests"><testsuite name="pytest" errors="0" failures="0" skipped="0" tests="28" time="17.069" timestamp="2026-02-25T12:02:42.523551+00:00" hostname="agent-env-4dbc14e2-e414-47f4-8670-1a48325be679"><testcase classname="backend.tests.test_refactored_backend.TestHealthAndAuth" name="test_health_check" time="0.244" /><testcase classname="backend.tests.test_refactored_backend.TestHealthAndAuth" name="test_root_endpoint" time="0.099" /><testcase classname="backend.tests.test_refactored_backend.TestHealthAndAuth" name="test_login_success_superadmin" time="0.115" /><testcase classname="backend.tests.test_refactored_backend.TestHealthAndAuth" name="test_login_invalid_credentials" time="0.170" /><testcase classname="backend.tests.test_refactored_backend.TestAccountsEndpoints" name="test_get_accounts" time="0.253" /><testcase classname="backend.tests.test_refactored_backend.TestCategoriesEndpoints" name="test_get_categories" time="0.234" /><testcase classname="backend.tests.test_refactored_backend.TestCategoriesEndpoints" name="test_get_income_categories" time="0.108" /><testcase classname="backend.tests.test_refactored_backend.TestDirectionsEndpoints" name="test_get_directions" time="0.205" /><testcase classname="backend.tests.test_refactored_backend.TestTransactionsEndpoints" name="test_get_transactions" time="0.283" /><testcase classname="backend.tests.test_refactored_backend.TestAnalyticsEndpoints" name="test_get_analytics_summary" time="0.267" /><testcase classname="backend.tests.test_refactored_backend.TestAnalyticsEndpoints" name="test_get_pnl_report" time="0.149" /><testcase classname="backend.tests.test_refactored_backend.TestAnalyticsEndpoints" name="test_get_cashflow_report" time="0.110" /><testcase classname="backend.tests.test_refactored_backend.TestAnalyticsEndpoints" name="test_get_balance_report" time="0.113" /><testcase classname="backend.tests.test_refactored_backend.TestAnalyticsEndpoints" name="test_get_expense_analysis" time="0.139" /><testcase classname="backend.tests.test_refactored_backend.TestAnalyticsEndpoints" name="test_get_profitability_report" time="0.114" /><testcase classname="backend.tests.test_refactored_backend.TestPlannedPaymentsEndpoints" name="test_get_planned_payments" time="0.232" /><testcase classname="backend.tests.test_refactored_backend.TestDocumentsEndpoints" name="test_get_documents" time="0.225" /><testcase classname="backend.tests.test_refactored_backend.TestDocumentsEndpoints" name="test_get_pending_documents" time="0.132" /><testcase classname="backend.tests.test_refactored_backend.TestNotificationsEndpoints" name="test_get_notifications" time="0.207" /><testcase classname="backend.tests.test_refactored_backend.TestIntegrationsEndpoints" name="test_get_integration_settings" time="0.226" /><testcase classname="backend.tests.test_refactored_backend.TestIntegrationsEndpoints" name="test_settings_reset_all_exists" time="0.074" /><testcase classname="backend.tests.test_refactored_backend.TestAdeskEndpoints" name="test_adesk_test_connection_endpoint_exists" time="2.328" /><testcase classname="backend.tests.test_refactored_backend.TestAdeskEndpoints" name="test_adesk_drafts_endpoint" time="0.121" /><testcase classname="backend.tests.test_refactored_backend.TestAIChatEndpoints" name="test_ai_chat_endpoint_exists" time="9.816" /><testcase classname="backend.tests.test_refactored_backend.TestBotEndpoints" name="test_bot_summary_endpoint_exists" time="0.227" /><testcase classname="backend.tests.test_refactored_backend.TestGoogleSheetsEndpoints" name="test_backup_status_endpoint" time="0.335" /><testcase classname="backend.tests.test_refactored_backend.TestAdminEndpoints" name="test_get_admin_users" time="0.203" /><testcase classname="backend.tests.test_refactored_backend.TestAuthMe" name="test_get_current_user" time="0.222" /></testsuite></testsuites>