<?xml version="1.0" encoding="utf-8"?><testsuites name="pytest tests"><testsuite name="pytest" errors="0" failures="0" skipped="0" tests="13" time="13.786" timestamp="2026-03-28T16:35:38.740699+00:00" hostname="agent-env-6cbd63cd-a660-4622-bd73-df7e1d20a900"><testcase classname="backend.tests.test_cash_import.TestCashImportFetch" name="test_fetch_requires_auth" time="0.150" /><testcase classname="backend.tests.test_cash_import.TestCashImportFetch" name="test_fetch_requires_sheet_url" time="0.245" /><testcase classname="backend.tests.test_cash_import.TestCashImportFetch" name="test_fetch_requires_date_range" time="0.108" /><testcase classname="backend.tests.test_cash_import.TestCashImportFetch" name="test_fetch_invalid_sheet_url" time="0.125" /><testcase classname="backend.tests.test_cash_import.TestCashImportFetch" name="test_fetch_success" time="4.564" /><testcase classname="backend.tests.test_cash_import.TestCashImportConfirm" name="test_confirm_requires_auth" time="0.125" /><testcase classname="backend.tests.test_cash_import.TestCashImportConfirm" name="test_confirm_requires_transactions" time="0.112" /><testcase classname="backend.tests.test_cash_import.TestCashImportConfirm" name="test_confirm_success" time="7.133" /><testcase classname="backend.tests.test_cash_import.TestCashImportSettings" name="test_get_settings_requires_auth" time="0.196" /><testcase classname="backend.tests.test_cash_import.TestCashImportSettings" name="test_get_settings_success" time="0.116" /><testcase classname="backend.tests.test_cash_import.TestCashImportSettings" name="test_put_settings_requires_auth" time="0.124" /><testcase classname="backend.tests.test_cash_import.TestCashImportSettings" name="test_put_settings_success" time="0.175" /><testcase classname="backend.tests.test_cash_import.TestCashImportDeduplication" name="test_deduplication_marks_duplicates" time="0.485" /></testsuite></testsuites>