<?xml version="1.0" encoding="utf-8"?><testsuites name="pytest tests"><testsuite name="pytest" errors="0" failures="0" skipped="0" tests="20" time="9.048" timestamp="2026-03-28T16:53:47.799340+00:00" hostname="agent-env-6cbd63cd-a660-4622-bd73-df7e1d20a900"><testcase classname="backend.tests.test_telegram_webhook.TestTelegramWebhookCommands" name="test_webhook_start_command" time="0.528" /><testcase classname="backend.tests.test_telegram_webhook.TestTelegramWebhookCommands" name="test_webhook_help_command" time="0.468" /><testcase classname="backend.tests.test_telegram_webhook.TestTelegramWebhookCommands" name="test_webhook_balance_command" time="0.478" /><testcase classname="backend.tests.test_telegram_webhook.TestTelegramWebhookCommands" name="test_webhook_last_command" time="0.463" /><testcase classname="backend.tests.test_telegram_webhook.TestTelegramWebhookCommands" name="test_webhook_direction_command" time="0.500" /><testcase classname="backend.tests.test_telegram_webhook.TestTelegramWebhookCallbackQuery" name="test_webhook_callback_query_direction_selection" time="0.830" /><testcase classname="backend.tests.test_telegram_webhook.TestTelegramWebhookTransactionParsing" name="test_webhook_requires_direction_before_transaction" time="0.484" /><testcase classname="backend.tests.test_telegram_webhook.TestTelegramWebhookTransactionParsing" name="test_webhook_parses_expense_transaction" time="1.322" /><testcase classname="backend.tests.test_telegram_webhook.TestTelegramWebhookTransactionParsing" name="test_webhook_parses_income_transaction" time="0.518" /><testcase classname="backend.tests.test_telegram_webhook.TestTelegramWebhookAuthenticatedEndpoints" name="test_setup_webhook_requires_auth" time="0.110" /><testcase classname="backend.tests.test_telegram_webhook.TestTelegramWebhookAuthenticatedEndpoints" name="test_webhook_info_requires_auth" time="0.112" /><testcase classname="backend.tests.test_telegram_webhook.TestTelegramWebhookAuthenticatedEndpoints" name="test_bot_users_requires_auth" time="0.111" /><testcase classname="backend.tests.test_telegram_webhook.TestTelegramWebhookAuthenticatedEndpoints" name="test_webhook_info_with_auth" time="0.573" /><testcase classname="backend.tests.test_telegram_webhook.TestTelegramWebhookAuthenticatedEndpoints" name="test_bot_users_with_auth" time="0.225" /><testcase classname="backend.tests.test_telegram_webhook.TestTelegramWebhookAuthenticatedEndpoints" name="test_setup_webhook_requires_bot_token" time="0.589" /><testcase classname="backend.tests.test_telegram_webhook.TestTelegramWebhookEdgeCases" name="test_webhook_empty_message" time="0.105" /><testcase classname="backend.tests.test_telegram_webhook.TestTelegramWebhookEdgeCases" name="test_webhook_no_message" time="0.090" /><testcase classname="backend.tests.test_telegram_webhook.TestTelegramWebhookEdgeCases" name="test_webhook_invalid_transaction_format" time="0.469" /><testcase classname="backend.tests.test_telegram_webhook.TestTelegramWebhookEdgeCases" name="test_webhook_transaction_with_decimal" time="0.471" /><testcase classname="backend.tests.test_telegram_webhook.TestTelegramWebhookEdgeCases" name="test_webhook_transaction_with_slash_separator" time="0.530" /></testsuite></testsuites>