<?xml version="1.0" encoding="utf-8"?><testsuites name="pytest tests"><testsuite name="pytest" errors="0" failures="0" skipped="0" tests="16" time="14.120" timestamp="2026-02-24T14:16:35.891466+00:00" hostname="agent-env-f26416c8-1e9e-4418-b887-75ff239283b9"><testcase classname="backend.tests.test_analytics.TestAnalyticsAPIs" name="test_analytics_balance_endpoint" time="0.535" /><testcase classname="backend.tests.test_analytics.TestAnalyticsAPIs" name="test_analytics_balance_with_date" time="0.400" /><testcase classname="backend.tests.test_analytics.TestAnalyticsAPIs" name="test_analytics_expense_analysis_endpoint" time="0.418" /><testcase classname="backend.tests.test_analytics.TestAnalyticsAPIs" name="test_analytics_expense_analysis_requires_dates" time="0.447" /><testcase classname="backend.tests.test_analytics.TestAnalyticsAPIs" name="test_analytics_profitability_endpoint" time="0.440" /><testcase classname="backend.tests.test_analytics.TestAnalyticsAPIs" name="test_analytics_profitability_direction_structure" time="0.398" /><testcase classname="backend.tests.test_analytics.TestAnalyticsAPIs" name="test_analytics_top_contractors_endpoint" time="0.424" /><testcase classname="backend.tests.test_analytics.TestAnalyticsAPIs" name="test_analytics_top_contractors_default_dates" time="0.448" /><testcase classname="backend.tests.test_analytics.TestAutoRulesAPI" name="test_get_auto_rules_empty" time="0.430" /><testcase classname="backend.tests.test_analytics.TestAutoRulesAPI" name="test_create_auto_rule" time="0.439" /><testcase classname="backend.tests.test_analytics.TestAutoRulesAPI" name="test_create_and_get_auto_rule" time="0.496" /><testcase classname="backend.tests.test_analytics.TestAutoRulesAPI" name="test_update_auto_rule" time="0.462" /><testcase classname="backend.tests.test_analytics.TestAutoRulesAPI" name="test_delete_auto_rule" time="0.575" /><testcase classname="backend.tests.test_analytics.TestAIChatAPI" name="test_ai_chat_endpoint" time="7.178" /><testcase classname="backend.tests.test_analytics.TestDashboardAPI" name="test_analytics_summary_endpoint" time="0.451" /><testcase classname="backend.tests.test_analytics.TestDashboardAPI" name="test_daily_balance_endpoint" time="0.449" /></testsuite></testsuites>