<?xml version="1.0" encoding="utf-8"?><testsuites name="pytest tests"><testsuite name="pytest" errors="0" failures="0" skipped="0" tests="15" time="11.000" timestamp="2026-03-28T14:07:21.454029+00:00" hostname="agent-env-9fec2fb1-bbe3-46a2-9706-8ed40addcae7"><testcase classname="tests.test_bank_import.TestBankImportParse" name="test_parse_pdf_returns_200" time="0.988" /><testcase classname="tests.test_bank_import.TestBankImportParse" name="test_parse_returns_correct_transaction_count" time="0.923" /><testcase classname="tests.test_bank_import.TestBankImportParse" name="test_parse_returns_correct_currency" time="0.915" /><testcase classname="tests.test_bank_import.TestBankImportParse" name="test_parse_returns_account_number" time="0.871" /><testcase classname="tests.test_bank_import.TestBankImportParse" name="test_parse_returns_groups" time="0.919" /><testcase classname="tests.test_bank_import.TestBankImportParse" name="test_parse_transaction_structure" time="0.943" /><testcase classname="tests.test_bank_import.TestBankImportParse" name="test_parse_rejects_non_pdf" time="0.245" /><testcase classname="tests.test_bank_import.TestBankImportParse" name="test_parse_requires_auth" time="0.258" /><testcase classname="tests.test_bank_import.TestBankImportConfirm" name="test_confirm_requires_account" time="0.406" /><testcase classname="tests.test_bank_import.TestBankImportConfirm" name="test_confirm_requires_direction" time="0.439" /><testcase classname="tests.test_bank_import.TestBankImportConfirm" name="test_confirm_requires_transactions" time="0.457" /><testcase classname="tests.test_bank_import.TestBankImportConfirm" name="test_confirm_imports_transactions" time="1.287" /><testcase classname="tests.test_bank_import.TestBankImportConfirm" name="test_confirm_returns_account_name" time="0.466" /><testcase classname="tests.test_bank_import.TestBankImportConfirm" name="test_confirm_requires_auth" time="0.469" /><testcase classname="tests.test_bank_import.TestBankImportIntegration" name="test_full_import_flow" time="1.345" /></testsuite></testsuites>