<?xml version="1.0" encoding="utf-8"?><testsuites name="pytest tests"><testsuite name="pytest" errors="0" failures="0" skipped="0" tests="10" time="3.209" timestamp="2026-02-24T14:54:55.854884+00:00" hostname="agent-env-f26416c8-1e9e-4418-b887-75ff239283b9"><testcase classname="backend.tests.test_iteration_7.TestSuperadminLogin" name="test_superadmin_login_success" time="0.264" /><testcase classname="backend.tests.test_iteration_7.TestSuperadminLogin" name="test_superadmin_wrong_password" time="0.142" /><testcase classname="backend.tests.test_iteration_7.TestIntegrationSettingsAPI" name="test_get_integration_settings" time="0.256" /><testcase classname="backend.tests.test_iteration_7.TestIntegrationSettingsAPI" name="test_update_telegram_settings" time="0.358" /><testcase classname="backend.tests.test_iteration_7.TestIntegrationSettingsAPI" name="test_telegram_test_connection_endpoint" time="0.631" /><testcase classname="backend.tests.test_iteration_7.TestIntegrationSettingsAPI" name="test_send_summary_without_config" time="0.312" /><testcase classname="backend.tests.test_iteration_7.TestRegressionBasicAPIs" name="test_accounts_endpoint" time="0.500" /><testcase classname="backend.tests.test_iteration_7.TestRegressionBasicAPIs" name="test_categories_endpoint" time="0.230" /><testcase classname="backend.tests.test_iteration_7.TestRegressionBasicAPIs" name="test_directions_endpoint" time="0.173" /><testcase classname="backend.tests.test_iteration_7.TestRegressionBasicAPIs" name="test_analytics_summary_endpoint" time="0.235" /></testsuite></testsuites>