<?xml version="1.0" encoding="utf-8"?><testsuites name="pytest tests"><testsuite name="pytest" errors="0" failures="0" skipped="0" tests="17" time="2.094" timestamp="2026-03-29T14:54:43.308789+00:00" hostname="agent-env-73ba67ef-b3b8-40dd-9b92-9a3a081789bc"><testcase classname="tests.test_documents_folders.TestFolderCRUD" name="test_create_folder" time="0.326" /><testcase classname="tests.test_documents_folders.TestFolderCRUD" name="test_list_folders" time="0.094" /><testcase classname="tests.test_documents_folders.TestFolderCRUD" name="test_delete_folder" time="0.144" /><testcase classname="tests.test_documents_folders.TestFolderCRUD" name="test_delete_nonexistent_folder" time="0.050" /><testcase classname="tests.test_documents_folders.TestDocumentProcess" name="test_process_document" time="0.207" /><testcase classname="tests.test_documents_folders.TestDocumentProcess" name="test_process_nonexistent_document" time="0.046" /><testcase classname="tests.test_documents_folders.TestDocumentMove" name="test_move_document_to_folder" time="0.051" /><testcase classname="tests.test_documents_folders.TestDocumentMove" name="test_move_document_to_root" time="0.051" /><testcase classname="tests.test_documents_folders.TestDocumentMove" name="test_move_nonexistent_document" time="0.061" /><testcase classname="tests.test_documents_folders.TestDocumentFilters" name="test_filter_by_folder_id" time="0.094" /><testcase classname="tests.test_documents_folders.TestDocumentFilters" name="test_filter_by_status_processed" time="0.094" /><testcase classname="tests.test_documents_folders.TestBackupStatus" name="test_backup_status_returns_required_fields" time="0.056" /><testcase classname="tests.test_documents_folders.TestDocumentUploadWithFolder" name="test_upload_document_with_folder" time="0.170" /><testcase classname="tests.test_documents_folders.TestAuthRequired" name="test_folders_require_auth" time="0.134" /><testcase classname="tests.test_documents_folders.TestAuthRequired" name="test_process_requires_auth" time="0.100" /><testcase classname="tests.test_documents_folders.TestAuthRequired" name="test_move_requires_auth" time="0.098" /><testcase classname="tests.test_documents_folders.TestAuthRequired" name="test_backup_status_requires_auth" time="0.205" /></testsuite></testsuites>