<?xml version="1.0" encoding="utf-8"?><testsuites name="pytest tests"><testsuite name="pytest" errors="0" failures="0" skipped="0" tests="10" time="9.942" timestamp="2026-02-24T14:26:14.272628+00:00" hostname="agent-env-f26416c8-1e9e-4418-b887-75ff239283b9"><testcase classname="tests.test_iteration_5.TestDocumentLinking" name="test_get_documents_endpoint" time="0.524" /><testcase classname="tests.test_iteration_5.TestDocumentLinking" name="test_get_pending_documents" time="0.409" /><testcase classname="tests.test_iteration_5.TestDocumentLinking" name="test_get_transaction_documents" time="0.763" /><testcase classname="tests.test_iteration_5.TestAnalyticsBalancePage" name="test_balance_endpoint_structure" time="0.417" /><testcase classname="tests.test_iteration_5.TestAnalyticsExpensePage" name="test_expense_analysis_structure" time="0.426" /><testcase classname="tests.test_iteration_5.TestAnalyticsProfitabilityPage" name="test_profitability_structure" time="0.429" /><testcase classname="tests.test_iteration_5.TestTopContractorsWidget" name="test_top_contractors_endpoint" time="0.472" /><testcase classname="tests.test_iteration_5.TestTopContractorsWidget" name="test_top_contractors_with_type_filter" time="0.460" /><testcase classname="tests.test_iteration_5.TestAutoRulesPage" name="test_crud_auto_rule_full_cycle" time="0.768" /><testcase classname="tests.test_iteration_5.TestAIChatEndpoint" name="test_ai_chat_responds" time="5.163" /></testsuite></testsuites>