<?xml version="1.0" encoding="utf-8"?><testsuites name="pytest tests"><testsuite name="pytest" errors="0" failures="0" skipped="0" tests="15" time="5.769" timestamp="2026-02-24T14:42:52.739490+00:00" hostname="agent-env-f26416c8-1e9e-4418-b887-75ff239283b9"><testcase classname="backend.tests.test_iteration_6.TestSuperadminLogin" name="test_superadmin_login_success" time="0.335" /><testcase classname="backend.tests.test_iteration_6.TestSuperadminLogin" name="test_superadmin_wrong_password" time="0.168" /><testcase classname="backend.tests.test_iteration_6.TestSuperadminLogin" name="test_superadmin_me_endpoint" time="0.670" /><testcase classname="backend.tests.test_iteration_6.TestTelegramBotSummary" name="test_bot_summary_week" time="0.221" /><testcase classname="backend.tests.test_iteration_6.TestTelegramBotSummary" name="test_bot_summary_day" time="0.320" /><testcase classname="backend.tests.test_iteration_6.TestTelegramBotSummary" name="test_bot_summary_month" time="0.307" /><testcase classname="backend.tests.test_iteration_6.TestTelegramBotSummary" name="test_bot_summary_invalid_token" time="0.217" /><testcase classname="backend.tests.test_iteration_6.TestAdeskMigrationEndpoints" name="test_adesk_test_connection_endpoint_exists" time="1.368" /><testcase classname="backend.tests.test_iteration_6.TestAdeskMigrationEndpoints" name="test_adesk_drafts_endpoint_exists" time="0.295" /><testcase classname="backend.tests.test_iteration_6.TestExistingFeaturesRegression" name="test_dashboard_analytics_summary" time="0.258" /><testcase classname="backend.tests.test_iteration_6.TestExistingFeaturesRegression" name="test_accounts_endpoint" time="0.262" /><testcase classname="backend.tests.test_iteration_6.TestExistingFeaturesRegression" name="test_directions_endpoint" time="0.317" /><testcase classname="backend.tests.test_iteration_6.TestExistingFeaturesRegression" name="test_categories_endpoint" time="0.285" /><testcase classname="backend.tests.test_iteration_6.TestExistingFeaturesRegression" name="test_transactions_endpoint" time="0.332" /><testcase classname="backend.tests.test_iteration_6.TestExistingFeaturesRegression" name="test_documents_endpoint" time="0.298" /></testsuite></testsuites>