<?xml version="1.0" encoding="utf-8"?><testsuites name="pytest tests"><testsuite name="pytest" errors="0" failures="0" skipped="0" tests="13" time="4.829" timestamp="2026-03-17T15:17:30.767987+00:00" hostname="agent-env-9fec2fb1-bbe3-46a2-9706-8ed40addcae7"><testcase classname="backend.tests.test_expense_plans.TestExpensePlansAuth" name="test_login_success" time="0.223" /><testcase classname="backend.tests.test_expense_plans.TestExpensePlansEndpoints" name="test_get_categories_list" time="0.288" /><testcase classname="backend.tests.test_expense_plans.TestExpensePlansEndpoints" name="test_get_expense_plans_empty" time="0.161" /><testcase classname="backend.tests.test_expense_plans.TestExpensePlansEndpoints" name="test_create_expense_plan" time="0.166" /><testcase classname="backend.tests.test_expense_plans.TestExpensePlansEndpoints" name="test_get_expense_plan_by_id" time="0.257" /><testcase classname="backend.tests.test_expense_plans.TestExpensePlanItems" name="test_create_plan_item" time="0.476" /><testcase classname="backend.tests.test_expense_plans.TestExpensePlanItems" name="test_get_plan_items" time="0.291" /><testcase classname="backend.tests.test_expense_plans.TestExpensePlanItems" name="test_update_plan_item" time="0.611" /><testcase classname="backend.tests.test_expense_plans.TestExpensePlanItems" name="test_delete_plan_item" time="0.563" /><testcase classname="backend.tests.test_expense_plans.TestExpensePlanSpecialActions" name="test_delete_expense_plan" time="0.803" /><testcase classname="backend.tests.test_expense_plans.TestExpensePlanSpecialActions" name="test_copy_previous_month_no_previous" time="0.314" /><testcase classname="backend.tests.test_expense_plans.TestExpensePlanSpecialActions" name="test_extend_recurring_no_recurring" time="0.262" /><testcase classname="backend.tests.test_expense_plans.TestExpensePlanSummary" name="test_get_plans_summary" time="0.327" /></testsuite></testsuites>