<?xml version="1.0" encoding="utf-8"?><testsuites name="pytest tests"><testsuite name="pytest" errors="0" failures="0" skipped="0" tests="12" time="6.308" timestamp="2026-02-24T15:15:25.482986+00:00" hostname="agent-env-df1793b7-7a93-42da-a4e4-abf6b1b051ea"><testcase classname="backend.tests.test_iteration_8.TestAuth" name="test_superadmin_login_success" time="0.381" /><testcase classname="backend.tests.test_iteration_8.TestAuth" name="test_superadmin_login_wrong_password" time="0.170" /><testcase classname="backend.tests.test_iteration_8.TestAdeskMigration" name="test_adesk_test_connection_endpoint_exists" time="1.367" /><testcase classname="backend.tests.test_iteration_8.TestAdeskMigration" name="test_adesk_start_migration_endpoint_exists" time="0.867" /><testcase classname="backend.tests.test_iteration_8.TestAdeskMigration" name="test_adesk_drafts_endpoint" time="0.392" /><testcase classname="backend.tests.test_iteration_8.TestIntegrations" name="test_get_integration_settings" time="0.321" /><testcase classname="backend.tests.test_iteration_8.TestIntegrations" name="test_update_telegram_settings" time="0.363" /><testcase classname="backend.tests.test_iteration_8.TestIntegrations" name="test_telegram_test_message_endpoint" time="0.724" /><testcase classname="backend.tests.test_iteration_8.TestCoreEndpoints" name="test_accounts_endpoint" time="0.467" /><testcase classname="backend.tests.test_iteration_8.TestCoreEndpoints" name="test_categories_endpoint" time="0.399" /><testcase classname="backend.tests.test_iteration_8.TestCoreEndpoints" name="test_directions_endpoint" time="0.332" /><testcase classname="backend.tests.test_iteration_8.TestCoreEndpoints" name="test_analytics_summary_endpoint" time="0.345" /></testsuite></testsuites>